<?xml version="1.0" encoding="UTF-8"?>
<!-- Generated by org.testng.reporters.JUnitReportReporter -->
<testsuite hostname="STIPL-SMBD0080" failures="0" tests="2" name="org.rahulshettyacademy.Ecommerce_tc_4" time="53.341" errors="0" timestamp="2024-12-24T16:49:56 IST" skipped="0">
  <testcase classname="org.rahulshettyacademy.Ecommerce_tc_4" name="fillForm" time="26.268"/>
  <testcase classname="org.rahulshettyacademy.Ecommerce_tc_4" name="fillForm" time="27.073"/>
</testsuite> <!-- org.rahulshettyacademy.Ecommerce_tc_4 -->
